[debug] [2024-12-10T00:35:32.822Z] ----------------------------------------------------------------------
[debug] [2024-12-10T00:35:32.825Z] Command:       C:\Program Files\nodejs\node.exe C:\Users\yborg\AppData\Roaming\npm\node_modules\firebase-tools\lib\bin\firebase.js deploy
[debug] [2024-12-10T00:35:32.825Z] CLI Version:   13.22.0
[debug] [2024-12-10T00:35:32.825Z] Platform:      win32
[debug] [2024-12-10T00:35:32.825Z] Node Version:  v20.17.0
[debug] [2024-12-10T00:35:32.826Z] Time:          Mon Dec 09 2024 16:35:32 GMT-0800 (Pacific Standard Time)
[debug] [2024-12-10T00:35:32.826Z] ----------------------------------------------------------------------
[debug] 
[debug] [2024-12-10T00:35:32.844Z] >>> [apiv2][query] GET https://firebase-public.firebaseio.com/cli.json [none]
[debug] [2024-12-10T00:35:32.984Z] > command requires scopes: ["email","openid","https://www.googleapis.com/auth/cloudplatformprojects.readonly","https://www.googleapis.com/auth/firebase","https://www.googleapis.com/auth/cloud-platform"]
[debug] [2024-12-10T00:35:32.985Z] > authorizing via signed-in user (armentas.projects@gmail.com)
[debug] [2024-12-10T00:35:32.985Z] [iam] checking project armentas-shop-fr for permissions ["firebase.projects.get","firebasehosting.sites.update"]
[debug] [2024-12-10T00:35:32.986Z] No OAuth tokens found
[debug] [2024-12-10T00:35:32.987Z] No OAuth tokens found
[debug] [2024-12-10T00:35:32.987Z] > refreshing access token with scopes: []
[debug] [2024-12-10T00:35:32.988Z] >>> [apiv2][query] POST https://www.googleapis.com/oauth2/v3/token [none]
[debug] [2024-12-10T00:35:32.988Z] >>> [apiv2][body] POST https://www.googleapis.com/oauth2/v3/token [omitted]
[debug] [2024-12-10T00:35:33.314Z] <<< [apiv2][status] POST https://www.googleapis.com/oauth2/v3/token 400
[debug] [2024-12-10T00:35:33.314Z] <<< [apiv2][body] POST https://www.googleapis.com/oauth2/v3/token [omitted]
[debug] [2024-12-10T00:35:33.315Z] >>> [apiv2][query] POST https://cloudresourcemanager.googleapis.com/v1/projects/armentas-shop-fr:testIamPermissions [none]
[debug] [2024-12-10T00:35:33.315Z] >>> [apiv2][(partial)header] POST https://cloudresourcemanager.googleapis.com/v1/projects/armentas-shop-fr:testIamPermissions x-goog-quota-user=projects/armentas-shop-fr
[debug] [2024-12-10T00:35:33.315Z] >>> [apiv2][body] POST https://cloudresourcemanager.googleapis.com/v1/projects/armentas-shop-fr:testIamPermissions {"permissions":["firebase.projects.get","firebasehosting.sites.update"]}
[debug] [2024-12-10T00:35:33.333Z] <<< [apiv2][status] GET https://firebase-public.firebaseio.com/cli.json 200
[debug] [2024-12-10T00:35:33.334Z] <<< [apiv2][body] GET https://firebase-public.firebaseio.com/cli.json {"cloudBuildErrorAfter":1594252800000,"cloudBuildWarnAfter":1590019200000,"defaultNode10After":1594252800000,"minVersion":"3.0.5","node8DeploysDisabledAfter":1613390400000,"node8RuntimeDisabledAfter":1615809600000,"node8WarnAfter":1600128000000}
[debug] [2024-12-10T00:35:33.516Z] <<< [apiv2][status] POST https://cloudresourcemanager.googleapis.com/v1/projects/armentas-shop-fr:testIamPermissions 401
[debug] [2024-12-10T00:35:33.517Z] <<< [apiv2][body] POST https://cloudresourcemanager.googleapis.com/v1/projects/armentas-shop-fr:testIamPermissions {"error":{"code":401,"message":"Request had invalid authentication credentials. Expected OAuth 2 access token, login cookie or other valid authentication credential. See https://developers.google.com/identity/sign-in/web/devconsole-project.","status":"UNAUTHENTICATED","details":[{"@type":"type.googleapis.com/google.rpc.ErrorInfo","reason":"ACCESS_TOKEN_TYPE_UNSUPPORTED","metadata":{"method":"google.cloudresourcemanager.v1.Projects.TestIamPermissions","service":"cloudresourcemanager.googleapis.com"}}]}}
[debug] [2024-12-10T00:35:33.517Z] Got a 401 Unauthenticated error for a call that required authentication. Refreshing tokens.
[debug] [2024-12-10T00:35:33.517Z] No OAuth tokens found
[debug] [2024-12-10T00:35:33.517Z] No OAuth tokens found
[debug] [2024-12-10T00:35:33.517Z] > refreshing access token with scopes: []
[debug] [2024-12-10T00:35:33.518Z] >>> [apiv2][query] POST https://www.googleapis.com/oauth2/v3/token [none]
[debug] [2024-12-10T00:35:33.518Z] >>> [apiv2][body] POST https://www.googleapis.com/oauth2/v3/token [omitted]
[debug] [2024-12-10T00:35:33.592Z] <<< [apiv2][status] POST https://www.googleapis.com/oauth2/v3/token 400
[debug] [2024-12-10T00:35:33.592Z] <<< [apiv2][body] POST https://www.googleapis.com/oauth2/v3/token [omitted]
[debug] [2024-12-10T00:35:33.593Z] [iam] error while checking permissions, command may fail: FirebaseError: HTTP Error: 401, Request had invalid authentication credentials. Expected OAuth 2 access token, login cookie or other valid authentication credential. See https://developers.google.com/identity/sign-in/web/devconsole-project.
[debug] [2024-12-10T00:35:33.593Z] No OAuth tokens found
[debug] [2024-12-10T00:35:33.594Z] >>> [apiv2][query] GET https://firebase.googleapis.com/v1beta1/projects/armentas-shop-fr [none]
[debug] [2024-12-10T00:35:33.988Z] <<< [apiv2][status] GET https://firebase.googleapis.com/v1beta1/projects/armentas-shop-fr 401
[debug] [2024-12-10T00:35:33.988Z] <<< [apiv2][body] GET https://firebase.googleapis.com/v1beta1/projects/armentas-shop-fr {"error":{"code":401,"message":"Request had invalid authentication credentials. Expected OAuth 2 access token, login cookie or other valid authentication credential. See https://developers.google.com/identity/sign-in/web/devconsole-project.","status":"UNAUTHENTICATED"}}
[debug] [2024-12-10T00:35:33.989Z] Got a 401 Unauthenticated error for a call that required authentication. Refreshing tokens.
[debug] [2024-12-10T00:35:33.989Z] No OAuth tokens found
[debug] [2024-12-10T00:35:33.989Z] No OAuth tokens found
[debug] [2024-12-10T00:35:33.989Z] > refreshing access token with scopes: []
[debug] [2024-12-10T00:35:33.990Z] >>> [apiv2][query] POST https://www.googleapis.com/oauth2/v3/token [none]
[debug] [2024-12-10T00:35:33.990Z] >>> [apiv2][body] POST https://www.googleapis.com/oauth2/v3/token [omitted]
[debug] [2024-12-10T00:35:34.081Z] <<< [apiv2][status] POST https://www.googleapis.com/oauth2/v3/token 400
[debug] [2024-12-10T00:35:34.081Z] <<< [apiv2][body] POST https://www.googleapis.com/oauth2/v3/token [omitted]
[debug] [2024-12-10T00:35:34.081Z] HTTP Error: 401, Request had invalid authentication credentials. Expected OAuth 2 access token, login cookie or other valid authentication credential. See https://developers.google.com/identity/sign-in/web/devconsole-project.
[error] 
[error] Error: Assertion failed: resolving hosting target of a site with no site name or target name. This should have caused an error earlier
[debug] [2024-12-10T00:37:10.214Z] ----------------------------------------------------------------------
[debug] [2024-12-10T00:37:10.217Z] Command:       C:\Program Files\nodejs\node.exe C:\Users\yborg\AppData\Roaming\npm\node_modules\firebase-tools\lib\bin\firebase.js deploy
[debug] [2024-12-10T00:37:10.217Z] CLI Version:   13.22.0
[debug] [2024-12-10T00:37:10.217Z] Platform:      win32
[debug] [2024-12-10T00:37:10.217Z] Node Version:  v20.17.0
[debug] [2024-12-10T00:37:10.217Z] Time:          Mon Dec 09 2024 16:37:10 GMT-0800 (Pacific Standard Time)
[debug] [2024-12-10T00:37:10.217Z] ----------------------------------------------------------------------
[debug] 
[debug] [2024-12-10T00:37:10.287Z] > command requires scopes: ["email","openid","https://www.googleapis.com/auth/cloudplatformprojects.readonly","https://www.googleapis.com/auth/firebase","https://www.googleapis.com/auth/cloud-platform"]
[debug] [2024-12-10T00:37:10.287Z] > authorizing via signed-in user (armentas.projects@gmail.com)
[debug] [2024-12-10T00:37:10.287Z] [iam] checking project armentas-shop-fr for permissions ["firebase.projects.get","firebasehosting.sites.update"]
[debug] [2024-12-10T00:37:10.288Z] No OAuth tokens found
[debug] [2024-12-10T00:37:10.289Z] No OAuth tokens found
[debug] [2024-12-10T00:37:10.289Z] > refreshing access token with scopes: []
[debug] [2024-12-10T00:37:10.291Z] >>> [apiv2][query] POST https://www.googleapis.com/oauth2/v3/token [none]
[debug] [2024-12-10T00:37:10.291Z] >>> [apiv2][body] POST https://www.googleapis.com/oauth2/v3/token [omitted]
[debug] [2024-12-10T00:37:10.954Z] <<< [apiv2][status] POST https://www.googleapis.com/oauth2/v3/token 400
[debug] [2024-12-10T00:37:10.955Z] <<< [apiv2][body] POST https://www.googleapis.com/oauth2/v3/token [omitted]
[debug] [2024-12-10T00:37:10.955Z] >>> [apiv2][query] POST https://cloudresourcemanager.googleapis.com/v1/projects/armentas-shop-fr:testIamPermissions [none]
[debug] [2024-12-10T00:37:10.955Z] >>> [apiv2][(partial)header] POST https://cloudresourcemanager.googleapis.com/v1/projects/armentas-shop-fr:testIamPermissions x-goog-quota-user=projects/armentas-shop-fr
[debug] [2024-12-10T00:37:10.955Z] >>> [apiv2][body] POST https://cloudresourcemanager.googleapis.com/v1/projects/armentas-shop-fr:testIamPermissions {"permissions":["firebase.projects.get","firebasehosting.sites.update"]}
[debug] [2024-12-10T00:37:11.260Z] <<< [apiv2][status] POST https://cloudresourcemanager.googleapis.com/v1/projects/armentas-shop-fr:testIamPermissions 401
[debug] [2024-12-10T00:37:11.261Z] <<< [apiv2][body] POST https://cloudresourcemanager.googleapis.com/v1/projects/armentas-shop-fr:testIamPermissions {"error":{"code":401,"message":"Request had invalid authentication credentials. Expected OAuth 2 access token, login cookie or other valid authentication credential. See https://developers.google.com/identity/sign-in/web/devconsole-project.","status":"UNAUTHENTICATED","details":[{"@type":"type.googleapis.com/google.rpc.ErrorInfo","reason":"ACCESS_TOKEN_TYPE_UNSUPPORTED","metadata":{"method":"google.cloudresourcemanager.v1.Projects.TestIamPermissions","service":"cloudresourcemanager.googleapis.com"}}]}}
[debug] [2024-12-10T00:37:11.261Z] Got a 401 Unauthenticated error for a call that required authentication. Refreshing tokens.
[debug] [2024-12-10T00:37:11.261Z] No OAuth tokens found
[debug] [2024-12-10T00:37:11.261Z] No OAuth tokens found
[debug] [2024-12-10T00:37:11.261Z] > refreshing access token with scopes: []
[debug] [2024-12-10T00:37:11.262Z] >>> [apiv2][query] POST https://www.googleapis.com/oauth2/v3/token [none]
[debug] [2024-12-10T00:37:11.262Z] >>> [apiv2][body] POST https://www.googleapis.com/oauth2/v3/token [omitted]
[debug] [2024-12-10T00:37:11.421Z] <<< [apiv2][status] POST https://www.googleapis.com/oauth2/v3/token 400
[debug] [2024-12-10T00:37:11.422Z] <<< [apiv2][body] POST https://www.googleapis.com/oauth2/v3/token [omitted]
[debug] [2024-12-10T00:37:11.422Z] [iam] error while checking permissions, command may fail: FirebaseError: HTTP Error: 401, Request had invalid authentication credentials. Expected OAuth 2 access token, login cookie or other valid authentication credential. See https://developers.google.com/identity/sign-in/web/devconsole-project.
[debug] [2024-12-10T00:37:11.423Z] No OAuth tokens found
[debug] [2024-12-10T00:37:11.423Z] >>> [apiv2][query] GET https://firebase.googleapis.com/v1beta1/projects/armentas-shop-fr [none]
[debug] [2024-12-10T00:37:11.675Z] <<< [apiv2][status] GET https://firebase.googleapis.com/v1beta1/projects/armentas-shop-fr 401
[debug] [2024-12-10T00:37:11.675Z] <<< [apiv2][body] GET https://firebase.googleapis.com/v1beta1/projects/armentas-shop-fr {"error":{"code":401,"message":"Request had invalid authentication credentials. Expected OAuth 2 access token, login cookie or other valid authentication credential. See https://developers.google.com/identity/sign-in/web/devconsole-project.","status":"UNAUTHENTICATED"}}
[debug] [2024-12-10T00:37:11.675Z] Got a 401 Unauthenticated error for a call that required authentication. Refreshing tokens.
[debug] [2024-12-10T00:37:11.675Z] No OAuth tokens found
[debug] [2024-12-10T00:37:11.675Z] No OAuth tokens found
[debug] [2024-12-10T00:37:11.676Z] > refreshing access token with scopes: []
[debug] [2024-12-10T00:37:11.676Z] >>> [apiv2][query] POST https://www.googleapis.com/oauth2/v3/token [none]
[debug] [2024-12-10T00:37:11.676Z] >>> [apiv2][body] POST https://www.googleapis.com/oauth2/v3/token [omitted]
[debug] [2024-12-10T00:37:11.846Z] <<< [apiv2][status] POST https://www.googleapis.com/oauth2/v3/token 400
[debug] [2024-12-10T00:37:11.847Z] <<< [apiv2][body] POST https://www.googleapis.com/oauth2/v3/token [omitted]
[debug] [2024-12-10T00:37:11.847Z] HTTP Error: 401, Request had invalid authentication credentials. Expected OAuth 2 access token, login cookie or other valid authentication credential. See https://developers.google.com/identity/sign-in/web/devconsole-project.
[error] 
[error] Error: Assertion failed: resolving hosting target of a site with no site name or target name. This should have caused an error earlier
[debug] [2024-12-10T00:39:19.615Z] ----------------------------------------------------------------------
[debug] [2024-12-10T00:39:19.618Z] Command:       C:\Program Files\nodejs\node.exe C:\Users\yborg\AppData\Roaming\npm\node_modules\firebase-tools\lib\bin\firebase.js deploy
[debug] [2024-12-10T00:39:19.618Z] CLI Version:   13.28.0
[debug] [2024-12-10T00:39:19.619Z] Platform:      win32
[debug] [2024-12-10T00:39:19.619Z] Node Version:  v20.17.0
[debug] [2024-12-10T00:39:19.619Z] Time:          Mon Dec 09 2024 16:39:19 GMT-0800 (Pacific Standard Time)
[debug] [2024-12-10T00:39:19.619Z] ----------------------------------------------------------------------
[debug] 
[debug] [2024-12-10T00:39:19.714Z] > command requires scopes: ["email","openid","https://www.googleapis.com/auth/cloudplatformprojects.readonly","https://www.googleapis.com/auth/firebase","https://www.googleapis.com/auth/cloud-platform"]
[debug] [2024-12-10T00:39:19.715Z] > authorizing via signed-in user (armentas.projects@gmail.com)
[debug] [2024-12-10T00:39:19.715Z] [iam] checking project armentas-shop-fr for permissions ["firebase.projects.get","firebasehosting.sites.update"]
[debug] [2024-12-10T00:39:19.716Z] No OAuth tokens found
[debug] [2024-12-10T00:39:19.717Z] No OAuth tokens found
[debug] [2024-12-10T00:39:19.717Z] > refreshing access token with scopes: []
[debug] [2024-12-10T00:39:19.718Z] >>> [apiv2][query] POST https://www.googleapis.com/oauth2/v3/token [none]
[debug] [2024-12-10T00:39:19.719Z] >>> [apiv2][body] POST https://www.googleapis.com/oauth2/v3/token [omitted]
[debug] [2024-12-10T00:39:20.904Z] <<< [apiv2][status] POST https://www.googleapis.com/oauth2/v3/token 400
[debug] [2024-12-10T00:39:20.904Z] <<< [apiv2][body] POST https://www.googleapis.com/oauth2/v3/token [omitted]
[debug] [2024-12-10T00:39:20.905Z] >>> [apiv2][query] POST https://cloudresourcemanager.googleapis.com/v1/projects/armentas-shop-fr:testIamPermissions [none]
[debug] [2024-12-10T00:39:20.905Z] >>> [apiv2][(partial)header] POST https://cloudresourcemanager.googleapis.com/v1/projects/armentas-shop-fr:testIamPermissions x-goog-quota-user=projects/armentas-shop-fr
[debug] [2024-12-10T00:39:20.905Z] >>> [apiv2][body] POST https://cloudresourcemanager.googleapis.com/v1/projects/armentas-shop-fr:testIamPermissions {"permissions":["firebase.projects.get","firebasehosting.sites.update"]}
[debug] [2024-12-10T00:39:21.675Z] <<< [apiv2][status] POST https://cloudresourcemanager.googleapis.com/v1/projects/armentas-shop-fr:testIamPermissions 401
[debug] [2024-12-10T00:39:21.675Z] <<< [apiv2][body] POST https://cloudresourcemanager.googleapis.com/v1/projects/armentas-shop-fr:testIamPermissions {"error":{"code":401,"message":"Request had invalid authentication credentials. Expected OAuth 2 access token, login cookie or other valid authentication credential. See https://developers.google.com/identity/sign-in/web/devconsole-project.","status":"UNAUTHENTICATED","details":[{"@type":"type.googleapis.com/google.rpc.ErrorInfo","reason":"ACCESS_TOKEN_TYPE_UNSUPPORTED","metadata":{"service":"cloudresourcemanager.googleapis.com","method":"google.cloudresourcemanager.v1.Projects.TestIamPermissions"}}]}}
[debug] [2024-12-10T00:39:21.675Z] Got a 401 Unauthenticated error for a call that required authentication. Refreshing tokens.
[debug] [2024-12-10T00:39:21.675Z] No OAuth tokens found
[debug] [2024-12-10T00:39:21.676Z] No OAuth tokens found
[debug] [2024-12-10T00:39:21.676Z] > refreshing access token with scopes: []
[debug] [2024-12-10T00:39:21.676Z] >>> [apiv2][query] POST https://www.googleapis.com/oauth2/v3/token [none]
[debug] [2024-12-10T00:39:21.676Z] >>> [apiv2][body] POST https://www.googleapis.com/oauth2/v3/token [omitted]
[debug] [2024-12-10T00:39:21.985Z] <<< [apiv2][status] POST https://www.googleapis.com/oauth2/v3/token 400
[debug] [2024-12-10T00:39:21.985Z] <<< [apiv2][body] POST https://www.googleapis.com/oauth2/v3/token [omitted]
[debug] [2024-12-10T00:39:21.986Z] [iam] error while checking permissions, command may fail: Request to https://cloudresourcemanager.googleapis.com/v1/projects/armentas-shop-fr:testIamPermissions had HTTP Error: 401, Request had invalid authentication credentials. Expected OAuth 2 access token, login cookie or other valid authentication credential. See https://developers.google.com/identity/sign-in/web/devconsole-project.
[debug] [2024-12-10T00:39:21.987Z] No OAuth tokens found
[debug] [2024-12-10T00:39:21.987Z] >>> [apiv2][query] GET https://firebase.googleapis.com/v1beta1/projects/armentas-shop-fr [none]
[debug] [2024-12-10T00:39:23.240Z] <<< [apiv2][status] GET https://firebase.googleapis.com/v1beta1/projects/armentas-shop-fr 401
[debug] [2024-12-10T00:39:23.241Z] <<< [apiv2][body] GET https://firebase.googleapis.com/v1beta1/projects/armentas-shop-fr {"error":{"code":401,"message":"Request had invalid authentication credentials. Expected OAuth 2 access token, login cookie or other valid authentication credential. See https://developers.google.com/identity/sign-in/web/devconsole-project.","status":"UNAUTHENTICATED"}}
[debug] [2024-12-10T00:39:23.241Z] Got a 401 Unauthenticated error for a call that required authentication. Refreshing tokens.
[debug] [2024-12-10T00:39:23.241Z] No OAuth tokens found
[debug] [2024-12-10T00:39:23.241Z] No OAuth tokens found
[debug] [2024-12-10T00:39:23.241Z] > refreshing access token with scopes: []
[debug] [2024-12-10T00:39:23.242Z] >>> [apiv2][query] POST https://www.googleapis.com/oauth2/v3/token [none]
[debug] [2024-12-10T00:39:23.242Z] >>> [apiv2][body] POST https://www.googleapis.com/oauth2/v3/token [omitted]
[debug] [2024-12-10T00:39:23.377Z] <<< [apiv2][status] POST https://www.googleapis.com/oauth2/v3/token 400
[debug] [2024-12-10T00:39:23.378Z] <<< [apiv2][body] POST https://www.googleapis.com/oauth2/v3/token [omitted]
[debug] [2024-12-10T00:39:23.378Z] Request to https://firebase.googleapis.com/v1beta1/projects/armentas-shop-fr had HTTP Error: 401, Request had invalid authentication credentials. Expected OAuth 2 access token, login cookie or other valid authentication credential. See https://developers.google.com/identity/sign-in/web/devconsole-project.
[error] 
[error] Error: Assertion failed: resolving hosting target of a site with no site name or target name. This should have caused an error earlier
[debug] [2024-12-10T00:40:53.203Z] ----------------------------------------------------------------------
[debug] [2024-12-10T00:40:53.205Z] Command:       C:\Program Files\nodejs\node.exe C:\Users\yborg\AppData\Roaming\npm\node_modules\firebase-tools\lib\bin\firebase.js hosting:channel:deploy prueba
[debug] [2024-12-10T00:40:53.206Z] CLI Version:   13.28.0
[debug] [2024-12-10T00:40:53.206Z] Platform:      win32
[debug] [2024-12-10T00:40:53.206Z] Node Version:  v20.17.0
[debug] [2024-12-10T00:40:53.206Z] Time:          Mon Dec 09 2024 16:40:53 GMT-0800 (Pacific Standard Time)
[debug] [2024-12-10T00:40:53.206Z] ----------------------------------------------------------------------
[debug] 
[debug] [2024-12-10T00:40:53.283Z] > command requires scopes: ["email","openid","https://www.googleapis.com/auth/cloudplatformprojects.readonly","https://www.googleapis.com/auth/firebase","https://www.googleapis.com/auth/cloud-platform"]
[debug] [2024-12-10T00:40:53.284Z] > authorizing via signed-in user (armentas.projects@gmail.com)
[debug] [2024-12-10T00:40:53.284Z] [iam] checking project armentas-shop-fr for permissions ["firebase.projects.get","firebasehosting.sites.update"]
[debug] [2024-12-10T00:40:53.285Z] No OAuth tokens found
[debug] [2024-12-10T00:40:53.286Z] No OAuth tokens found
[debug] [2024-12-10T00:40:53.286Z] > refreshing access token with scopes: []
[debug] [2024-12-10T00:40:53.287Z] >>> [apiv2][query] POST https://www.googleapis.com/oauth2/v3/token [none]
[debug] [2024-12-10T00:40:53.288Z] >>> [apiv2][body] POST https://www.googleapis.com/oauth2/v3/token [omitted]
[debug] [2024-12-10T00:40:54.108Z] <<< [apiv2][status] POST https://www.googleapis.com/oauth2/v3/token 400
[debug] [2024-12-10T00:40:54.108Z] <<< [apiv2][body] POST https://www.googleapis.com/oauth2/v3/token [omitted]
[debug] [2024-12-10T00:40:54.108Z] >>> [apiv2][query] POST https://cloudresourcemanager.googleapis.com/v1/projects/armentas-shop-fr:testIamPermissions [none]
[debug] [2024-12-10T00:40:54.108Z] >>> [apiv2][(partial)header] POST https://cloudresourcemanager.googleapis.com/v1/projects/armentas-shop-fr:testIamPermissions x-goog-quota-user=projects/armentas-shop-fr
[debug] [2024-12-10T00:40:54.109Z] >>> [apiv2][body] POST https://cloudresourcemanager.googleapis.com/v1/projects/armentas-shop-fr:testIamPermissions {"permissions":["firebase.projects.get","firebasehosting.sites.update"]}
[debug] [2024-12-10T00:40:54.801Z] <<< [apiv2][status] POST https://cloudresourcemanager.googleapis.com/v1/projects/armentas-shop-fr:testIamPermissions 401
[debug] [2024-12-10T00:40:54.801Z] <<< [apiv2][body] POST https://cloudresourcemanager.googleapis.com/v1/projects/armentas-shop-fr:testIamPermissions {"error":{"code":401,"message":"Request had invalid authentication credentials. Expected OAuth 2 access token, login cookie or other valid authentication credential. See https://developers.google.com/identity/sign-in/web/devconsole-project.","status":"UNAUTHENTICATED","details":[{"@type":"type.googleapis.com/google.rpc.ErrorInfo","reason":"ACCESS_TOKEN_TYPE_UNSUPPORTED","metadata":{"method":"google.cloudresourcemanager.v1.Projects.TestIamPermissions","service":"cloudresourcemanager.googleapis.com"}}]}}
[debug] [2024-12-10T00:40:54.801Z] Got a 401 Unauthenticated error for a call that required authentication. Refreshing tokens.
[debug] [2024-12-10T00:40:54.802Z] No OAuth tokens found
[debug] [2024-12-10T00:40:54.802Z] No OAuth tokens found
[debug] [2024-12-10T00:40:54.802Z] > refreshing access token with scopes: []
[debug] [2024-12-10T00:40:54.802Z] >>> [apiv2][query] POST https://www.googleapis.com/oauth2/v3/token [none]
[debug] [2024-12-10T00:40:54.802Z] >>> [apiv2][body] POST https://www.googleapis.com/oauth2/v3/token [omitted]
[debug] [2024-12-10T00:40:54.943Z] <<< [apiv2][status] POST https://www.googleapis.com/oauth2/v3/token 400
[debug] [2024-12-10T00:40:54.944Z] <<< [apiv2][body] POST https://www.googleapis.com/oauth2/v3/token [omitted]
[debug] [2024-12-10T00:40:54.945Z] [iam] error while checking permissions, command may fail: Request to https://cloudresourcemanager.googleapis.com/v1/projects/armentas-shop-fr:testIamPermissions had HTTP Error: 401, Request had invalid authentication credentials. Expected OAuth 2 access token, login cookie or other valid authentication credential. See https://developers.google.com/identity/sign-in/web/devconsole-project.
[debug] [2024-12-10T00:40:54.946Z] No OAuth tokens found
[debug] [2024-12-10T00:40:54.946Z] >>> [apiv2][query] GET https://firebase.googleapis.com/v1beta1/projects/armentas-shop-fr [none]
[debug] [2024-12-10T00:40:55.996Z] <<< [apiv2][status] GET https://firebase.googleapis.com/v1beta1/projects/armentas-shop-fr 401
[debug] [2024-12-10T00:40:55.997Z] <<< [apiv2][body] GET https://firebase.googleapis.com/v1beta1/projects/armentas-shop-fr {"error":{"code":401,"message":"Request had invalid authentication credentials. Expected OAuth 2 access token, login cookie or other valid authentication credential. See https://developers.google.com/identity/sign-in/web/devconsole-project.","status":"UNAUTHENTICATED"}}
[debug] [2024-12-10T00:40:55.997Z] Got a 401 Unauthenticated error for a call that required authentication. Refreshing tokens.
[debug] [2024-12-10T00:40:55.997Z] No OAuth tokens found
[debug] [2024-12-10T00:40:55.998Z] No OAuth tokens found
[debug] [2024-12-10T00:40:55.998Z] > refreshing access token with scopes: []
[debug] [2024-12-10T00:40:55.998Z] >>> [apiv2][query] POST https://www.googleapis.com/oauth2/v3/token [none]
[debug] [2024-12-10T00:40:55.998Z] >>> [apiv2][body] POST https://www.googleapis.com/oauth2/v3/token [omitted]
[debug] [2024-12-10T00:40:56.408Z] <<< [apiv2][status] POST https://www.googleapis.com/oauth2/v3/token 400
[debug] [2024-12-10T00:40:56.408Z] <<< [apiv2][body] POST https://www.googleapis.com/oauth2/v3/token [omitted]
[debug] [2024-12-10T00:40:56.408Z] Request to https://firebase.googleapis.com/v1beta1/projects/armentas-shop-fr had HTTP Error: 401, Request had invalid authentication credentials. Expected OAuth 2 access token, login cookie or other valid authentication credential. See https://developers.google.com/identity/sign-in/web/devconsole-project.
[debug] [2024-12-10T00:40:56.409Z] FirebaseError: Request to https://firebase.googleapis.com/v1beta1/projects/armentas-shop-fr had HTTP Error: 401, Request had invalid authentication credentials. Expected OAuth 2 access token, login cookie or other valid authentication credential. See https://developers.google.com/identity/sign-in/web/devconsole-project.
    at responseToError (C:\Users\yborg\AppData\Roaming\npm\node_modules\firebase-tools\lib\responseToError.js:52:12)
    at RetryOperation._fn (C:\Users\yborg\AppData\Roaming\npm\node_modules\firebase-tools\lib\apiv2.js:312:77)
    at process.processTicksAndRejections (node:internal/process/task_queues:95:5)
[error] 
[error] Error: Failed to get Firebase project armentas-shop-fr. Please make sure the project exists and your account has permission to access it.
